<?xml version="1.0" encoding="utf-8"?><testsuites name="pytest tests"><testsuite name="pytest" errors="0" failures="0" skipped="0" tests="35" time="4.861" timestamp="2026-09-04T19:01:54.225234+00:00" hostname="agent-env-14d481bc-2788-457b-973f-57a00c9e4a11"><testcase classname="tests.backend_test.TestHealthCatalog" name="test_root" time="0.128" /><testcase classname="tests.backend_test.TestHealthCatalog" name="test_home" time="0.043" /><testcase classname="tests.backend_test.TestHealthCatalog" name="test_categories" time="0.081" /><testcase classname="tests.backend_test.TestHealthCatalog" name="test_products_list" time="0.045" /><testcase classname="tests.backend_test.TestHealthCatalog" name="test_products_filters" time="0.583" /><testcase classname="tests.backend_test.TestSeller" name="test_seller_me" time="0.563" /><testcase classname="tests.backend_test.TestSeller" name="test_customer_cannot_access_seller" time="0.310" /><testcase classname="tests.backend_test.TestSeller" name="test_seller_products_crud" time="0.297" /><testcase classname="tests.backend_test.TestHealthCatalog" name="test_product_detail" time="0.110" /><testcase classname="tests.backend_test.TestHealthCatalog" name="test_product_detail_404" time="0.090" /><testcase classname="tests.backend_test.TestHealthCatalog" name="test_shops" time="0.037" /><testcase classname="tests.backend_test.TestHealthCatalog" name="test_shop_detail" time="0.036" /><testcase classname="tests.backend_test.TestHealthCatalog" name="test_shop_404" time="0.072" /><testcase classname="tests.backend_test.TestSeller" name="test_bulk_action_grow" time="0.124" /><testcase classname="tests.backend_test.TestHealthCatalog" name="test_brands" time="0.075" /><testcase classname="tests.backend_test.TestSeller" name="test_overview_orders_reviews_customers" time="0.356" /><testcase classname="tests.backend_test.TestAuth" name="test_register_customer" time="0.406" /><testcase classname="tests.backend_test.TestSeller" name="test_plans" time="0.023" /><testcase classname="tests.backend_test.TestSeller" name="test_shop_update_and_publish" time="0.908" /><testcase classname="tests.backend_test.TestAuth" name="test_register_seller_creates_profile" time="0.293" /><testcase classname="tests.backend_test.TestAuth" name="test_login_customer_role" time="0.323" /><testcase classname="tests.backend_test.TestAuth" name="test_login_seller_onboarded" time="0.296" /><testcase classname="tests.backend_test.TestSeller" name="test_subscription_change_and_start_gating" time="1.085" /><testcase classname="tests.backend_test.TestAuth" name="test_login_admin" time="0.252" /><testcase classname="tests.backend_test.TestAuth" name="test_login_bad_password" time="0.250" /><testcase classname="tests.backend_test.TestAuth" name="test_me_requires_token" time="0.134" /><testcase classname="tests.backend_test.TestAuth" name="test_google_endpoint_exists" time="0.404" /><testcase classname="tests.backend_test.TestSeller" name="test_invalid_plan" time="0.063" /><testcase classname="tests.backend_test.TestCommerce" name="test_cart_sync" time="0.340" /><testcase classname="tests.backend_test.TestReviews" name="test_create_review_updates_rating" time="0.389" /><testcase classname="tests.backend_test.TestReviews" name="test_review_clamped_and_404" time="0.203" /><testcase classname="tests.backend_test.TestCommerce" name="test_wishlist_sync" time="0.131" /><testcase classname="tests.backend_test.TestCommerce" name="test_addresses_crud" time="0.132" /><testcase classname="tests.backend_test.TestCommerce" name="test_checkout_groups_by_shop_and_orders" time="0.092" /><testcase classname="tests.backend_test.TestCommerce" name="test_commerce_requires_auth" time="0.065" /></testsuite></testsuites>